make.exe all --print-data-base --no-builtin-variables --no-builtin-rules --question
# GNU Make 3.81
# Copyright (C) 2006  Free Software Foundation, Inc.
# This is free software; see the source for copying conditions.
# There is NO warranty; not even for MERCHANTABILITY or FITNESS FOR A
# PARTICULAR PURPOSE.

# This program built for i386-pc-mingw32
 

# Make data base, printed on Thu Apr 21 00:27:45 2022

# Variables

# automatic
<D = $(patsubst %/,%,$(dir $<))
# automatic
?F = $(notdir $?)
# makefile
MAKEFLAGS = Rrqp
# environment
VSCODE_LOG_NATIVE = false
# automatic
?D = $(patsubst %/,%,$(dir $?))
# environment
PLATFORMIO_IDE = 2.4.3
# automatic
@D = $(patsubst %/,%,$(dir $@))
# environment
HOMEDRIVE = C:
# automatic
@F = $(notdir $@)
# makefile (from `makefile', line 4)
CONFIG = config
# automatic
^D = $(patsubst %/,%,$(dir $^))
# makefile
CURDIR := 
 c:/Users/alnwlsn/Downloads/sd2iec-current-sources(1).tar/sd2iec-current-sources/sd2iec-1.0.0atentdead0-29-gb8572fe
# default
SHELL := sh.exe
# makefile (from `makefile', line 26)
Q := @
# environment
WINDIR = C:\windows
# environment
VSCODE_NLS_CONFIG = {"locale":"en-us","availableLanguages":{},"_languagePackSupport":true}
# environment
VBOX_MSI_INSTALL_PATH = C:\Program Files\Oracle\VirtualBox\
# environment
ONEDRIVE = C:\Users\alnwlsn\OneDrive
# environment
PATHEXT = .COM;.EXE;.BAT;.CMD;.VBS;.VBE;.JS;.JSE;.WSF;.WSH;.MSC
# makefile (from `makefile', line 1)
MAKEFILE_LIST :=  makefile
# makefile (from `makefile', line 27)
E := @echo
# environment
TMP = C:\Users\alnwlsn\AppData\Local\Temp
# makefile (from `makefile', line 8)
CONFIGSUFFIX := 
# environment
VSCODE_VERBOSE_LOGGING = true
# environment
PROGRAMW6432 = C:\Program Files
# environment
PROGRAMDATA = C:\ProgramData
# environment
VSCODE_IPC_HOOK_EXTHOST = \\.\pipe\vscode-ipc-1384879d-8fc2-443b-9dbe-d1325fdae2fa-sock
# environment
VSCODE_CWD = C:\Program Files\Microsoft VS Code
# environment
NO_PROXY = 127.0.0.1
# makefile (from `makefile', line 10)
CONFFILES := 
# environment
ONLINESERVICES = Online Services
# environment
COMMONPROGRAMW6432 = C:\Program Files\Common Files
# environment
ZES_ENABLE_SYSMAN = 1
# environment
CHOCOLATEYLASTPATHUPDATE = 132933844213870081
# environment
PROCESSOR_ARCHITECTURE = x86
# environment
USERPROFILE = C:\Users\alnwlsn
# environment
CHOCOLATEYINSTALL = C:\ProgramData\chocolatey
# environment
ALLUSERSPROFILE = C:\ProgramData
# environment
VSCODE_LOG_STACK = false
# environment
NUMBER_OF_PROCESSORS = 12
# environment
ELECTRON_RUN_AS_NODE = 1
# makefile (from `makefile', line 7)
CONFDATA := 
# default
.FEATURES := target-specific order-only second-expansion else-if archives
# automatic
%F = $(notdir $%)
# environment
CHROME_CRASHPAD_PIPE_NAME = \\.\pipe\crashpad_9264_YVSZVQLUPVDHHLKR
# environment
VSCODE_PIPE_LOGGING = true
# environment
COMPUTERNAME = LAPTOP-ETSI4VKO
# environment
PROGRAMFILES = C:\Program Files (x86)
# environment
DRIVERDATA = C:\Windows\System32\Drivers\DriverData
# environment
ORIGINAL_XDG_CURRENT_DESKTOP = undefined
# environment
USERNAME = alnwlsn
# environment
PUBLIC = C:\Users\Public
# environment
VSCODE_AMD_ENTRYPOINT = vs/workbench/api/node/extensionHostProcess
# environment
VSCODE_CODE_CACHE_PATH = C:\Users\alnwlsn\AppData\Roaming\Code\CachedData\dfd34e8260c270da74b5c2d86d61aee4b6d56977
# environment
APPLICATION_INSIGHTS_NO_DIAGNOSTIC_CHANNEL = 1
# environment
COMMONPROGRAMFILES = C:\Program Files (x86)\Common Files
# environment
LOGONSERVER = \\LAPTOP-ETSI4VKO
# environment
ONEDRIVECONSUMER = C:\Users\alnwlsn\OneDrive
# environment
VSCODE_HANDLES_UNCAUGHT_ERRORS = true
# environment
USERDOMAIN = LAPTOP-ETSI4VKO
# environment
PLATFORMIO_PATH = C:\Users\alnwlsn\.platformio\python3;C:\Program Files (x86)\Common Files\Oracle\Java\javapath;C:\windows\system32;C:\windows;C:\windows\System32\Wbem;C:\windows\System32\WindowsPowerShell\v1.0\;C:\windows\System32\OpenSSH\;C:\Program Files (x86)\NVIDIA Corporation\PhysX\Common;C:\Program Files\NVIDIA Corporation\NVIDIA NvDLISR;C:\Program Files\Microsoft VS Code\bin;C:\Users\alnwlsn\AppData\Local\Programs\Python\Python39;C:\Users\alnwlsn\AppData\Local\Programs\Python\Python39\Scripts;C:\standalone\cmdtools;C:\Program Files\Git\cmd;C:\standalone\avrdude;C:\standalone\avr8-gnu-toolchain-win32_x86\bin;C:\Program Files (x86)\mingw-w64\i686-8.1.0-posix-dwarf-rt_v6-rev0\mingw32\bin;C:\Program Files\OpenSCAD;C:\Program Files\dotnet\;C:\Program Files\nodejs\;C:\ProgramData\chocolatey\bin;C:\Wincupl\WINCUPL\EXE;C:\Wincupl\WINCUPL\FITTERS;C:\Users\alnwlsn\.dotnet\tools;C:\Users\alnwlsn\AppData\Roaming\npm;C:\Program Files (x86)\Common Files\Oracle\Java\javapath;C:\windows\system32;C:\windows;C:\windows\System32\Wbem;C:\windows\System32\WindowsPowerShell\v1.0\;C:\windows\System32\OpenSSH\;C:\Program Files (x86)\NVIDIA Corporation\PhysX\Common;C:\Program Files\NVIDIA Corporation\NVIDIA NvDLISR;C:\Program Files\Microsoft VS Code\bin;C:\Users\alnwlsn\AppData\Local\Programs\Python\Python39;C:\Users\alnwlsn\AppData\Local\Programs\Python\Python39\Scripts;C:\standalone\cmdtools;C:\Program Files\Git\cmd;C:\standalone\avrdude;C:\standalone\avr8-gnu-toolchain-win32_x86\bin;C:\Program Files (x86)\mingw-w64\i686-8.1.0-posix-dwarf-rt_v6-rev0\mingw32\bin;C:\Program Files\OpenSCAD;C:\Program Files\dotnet\;C:\Program Files\nodejs\;C:\ProgramData\chocolatey\bin;C:\Wincupl\WINCUPL\EXE;C:\Wincupl\WINCUPL\FITTERS;C:\Users\alnwlsn\.dotnet\tools;C:\Users\alnwlsn\AppData\Roaming\npm
# default
MAKE = $(MAKE_COMMAND)
# default
MAKECMDGOALS := all
# environment
PATH = C:\Program Files (x86)\Common Files\Oracle\Java\javapath;C:\windows\system32;C:\windows;C:\windows\System32\Wbem;C:\windows\System32\WindowsPowerShell\v1.0\;C:\windows\System32\OpenSSH\;C:\Program Files (x86)\NVIDIA Corporation\PhysX\Common;C:\Program Files\NVIDIA Corporation\NVIDIA NvDLISR;C:\Program Files\Microsoft VS Code\bin;C:\Users\alnwlsn\AppData\Local\Programs\Python\Python39;C:\Users\alnwlsn\AppData\Local\Programs\Python\Python39\Script 
s;C:\standalone\cmdtools;C:\Program Files\Git\cmd;C:\standalone\avrdude;C:\standalone\avr8-gnu-toolchain-win32_x86\bin;C:\Program Files (x86)\mingw-w64\i686-8.1.0-posix-dwarf-rt_v6-rev0\mingw32\bin;C:\Program Files\OpenSCAD;C:\Program Files\dotnet\;C:\Program Files\nodejs\;C:\ProgramData\chocolatey\bin;C:\Wincupl\WINCUPL\EXE;C:\Wincupl\WINCUPL\FITTERS;C:\Users\alnwlsn\.dotnet\tools;C:\Users\alnwlsn\AppData\Roaming\npm
# environment
OMP_NUM_THREADS = 12
# default
MAKE_VERSION := 3.81
# makefile
.DEFAULT_GOAL := missing_conf
# environment
PROGRAMFILES(X86) = C:\Program Files (x86)
# automatic
%D = $(patsubst %/,%,$(dir $%))
# environment
LOCALAPPDATA = C:\Users\alnwlsn\AppData\Local
# environment
PSMODULEPATH = C:\Program Files\WindowsPowerShell\Modules;C:\windows\system32\WindowsPowerShell\v1.0\Modules
# default
MAKE_COMMAND := make.exe
# environment
PROCESSOR_ARCHITEW6432 = AMD64
# default
.VARIABLES := 
# automatic
*F = $(notdir $*)
# environment
PROCESSOR_IDENTIFIER = Intel64 Family 6 Model 165 Stepping 2, GenuineIntel
# environment
OS = Windows_NT
# environment
VSCODE_IPC_HOOK = \\.\pipe\7d89d69f4b14986fff67056b93beadb0-1.66.2-main-sock
# environment
HOMEPATH = \Users\alnwlsn
# environment
COMMONPROGRAMFILES(X86) = C:\Program Files (x86)\Common Files
# environment
PROMPT = $P$G
# environment
MFLAGS = -Rrqp
# automatic
*D = $(patsubst %/,%,$(dir $*))
# environment
REGIONCODE = NA
# environment
SYSTEMROOT = C:\windows
# automatic
+D = $(patsubst %/,%,$(dir $+))
# environment
PLATFORMCODE = KV
# automatic
+F = $(notdir $+)
# environment
APPDATA = C:\Users\alnwlsn\AppData\Roaming
# environment
TEMP = C:\Users\alnwlsn\AppData\Local\Temp
# environment
COMSPEC = C:\windows\system32\cmd.exe
# default
MAKEFILES := 
# automatic
<F = $(notdir $<)
# environment
PLATFORMIO_CALLER = vscode
# makefile (from `makefile', line 9)
OBJDIR := obj-
# environment
LC_ALL = C
# automatic
^F = $(notdir $^)
# default
SUFFIXES := 
# environment
SYSTEMDRIVE = C:
# environment
SESSIONNAME = Console
# environment
PROCESSOR_REVISION = a502
# environment
MAKELEVEL := 0
# environment
PANGO_WIN32_NO_UNISCRIBE = anything
# environment
LANG = C
# environment
PROCESSOR_LEVEL = 6
# environment
VSCODE_PID = 9264
# environment
FITTERDIR = C:\Wincupl\Wincupl\Fitters
# environment
USERDOMAIN_ROAMINGPROFILE = LAPTOP-ETSI4VKO
# variable set hash-table stats:
# Load=108/1024=11%, Rehash=0, Collisions=16/157=10%

# Pattern-specific Variable Values

# No pattern-specific variable values.

# Directories

# C:\standalone\avrdude (key C:/standalone/avrdude, mtime 1615144773): 7 files, no impossibilities.
# C:\standalone\avr8-gnu-toolchain-win32_x86\bin (key C:/standalone/avr8-gnu-toolchain-win32_x86/bin, mtime 1615144620): 31 files, no impossibilities.
# C:\standalone\cmdtools (key C:/standalone/cmdtools, mtime 1647715317): 55 files, no impossibilities.
# C:\windows\System32\WindowsPowerShell\v1.0\ (key C:/windows/System32/WindowsPowerShell/v1.0/, mtime 1612600015): 30 files, no impossibilities.
# C:\windows\System32\Wbem (key C:/windows/System32/Wbem, mtime 16468 
20506): 154 files, no impossibilities.
# . (key c:/Users/alnwlsn/Downloads/sd2iec-current-sources(1).tar/sd2iec-current-sources/sd2iec-1.0.0atentdead0-29-gb8572fe, mtime 1650511914): 16 files, no impossibilities.
# C:\Program Files\nodejs\ (key C:/Program Files/nodejs/, mtime 1648910648): 13 files, no impossibilities.
# C:\Program Files (x86)\NVIDIA Corporation\PhysX\Common (key C:/Program Files (x86)/NVIDIA Corporation/PhysX/Common, mtime 1601267356): 10 files, no impossibilities.
# C:\ProgramData\chocolatey\bin (key C:/ProgramData/chocolatey/bin, mtime 1648910821): 11 files, no impossibilities.
# C:\Program Files\dotnet\ (key C:/Program Files/dotnet/, mtime 1645508346): 12 files, no impossibilities.
# C:\Users\alnwlsn\AppData\Local\Programs\Python\Python39 (key C:/Users/alnwlsn/AppData/Local/Programs/Python/Python39, mtime 1615948719): 20 files, no impossibilities.
# C:\Wincupl\WINCUPL\EXE: could not be stat'd.
# C:\Wincupl\WINCUPL\FITTERS (key C:/Wincupl/WINCUPL/FITTERS, mtime 1618888736): 13 files, no impossibilities.
# C:\windows\System32\OpenSSH\: could not be stat'd.
# C:\Program Files (x86)\Common Files\Oracle\Java\javapath (key C:/Program Files (x86)/Common Files/Oracle/Java/javapath, mtime 1612592903): 5 files, no impossibilities.
# C:\Program Files\Microsoft VS Code\bin (key C:/Program Files/Microsoft VS Code/bin, mtime 1650515241): 4 files, no impossibilities.
# C:\windows (key C:/windows, mtime 1649913094): 135 files, no impossibilities.
# C:\Program Files (x86)\mingw-w64\i686-8.1.0-posix-dwarf-rt_v6-rev0\mingw32\bin (key C:/Program Files (x86)/mingw-w64/i686-8.1.0-posix-dwarf-rt_v6-rev0/mingw32/bin, mtime 1616865104): 58 files, no impossibilities.
# C:\Users\alnwlsn\AppData\Local\Programs\Python\Python39\Scripts (key C:/Users/alnwlsn/AppData/Local/Programs/Python/Python39/Scripts, mtime 1644988726): 47 files, no impossibilities.
# C:\Users\alnwlsn\.dotnet\tools: could not be stat'd.
# C:\Users\alnwlsn\AppData\Roaming\npm (key C:/Users/alnwlsn/AppData/Roaming/npm, mtime 1648910645): 2 files, no impos 
sibilities.
# C:\Program Files\Git\cmd (key C:/Program Files/Git/cmd, mtime 1614580809): 8 files, no impossibilities.
# C:\windows\system32 (key C:/windows/system32, mtime 1650246635): 2978 files, no impossibilities.
# C:\Program Files\OpenSCAD (key C:/Program Files/OpenSCAD, mtime 1627182978): 11 files, no impossibilities.
# C:\Program Files\NVIDIA Corporation\NVIDIA NvDLISR (key C:/Program Files/NVIDIA Corporation/NVIDIA NvDLISR, mtime 1601267375): 5 files, no impossibilities.

# 3625 files, no impossibilities in 25 directories.

# Implicit Rules

# No implicit rules.

# Files

program: FORCE | obj- obj-/make.inc
#  Implicit rule search has not been done.
#  Modification time never checked.
#  File has not been updated.
#  commands to execute (from `makefile', line 42):
	$(Q)$(MAKE) --no-print-directory -f scripts/Makefile.main $@
	

all: obj- obj-/make.inc
#  Command-line target.
#  Implicit rule search has not been done.
#  File does not exist.
#  File has been updated.
#  Needs to be updated (-q is set).
# variable set hash-table stats:
# Load=0/32=0%, Rehash=0, Collisions=0/8=0%
#  commands to execute (from `makefile', line 31):
	$(Q)$(MAKE) --no-print-directory -f scripts/Makefile.main
	

.PHONY: missing_conf
#  Implicit rule search has not been done.
#  Modification time never checked.
#  File has not been updated.

missing_conf:
#  Phony target (prerequisite of .PHONY).
#  Implicit rule search has not been done.
#  File does not exist.
#  File has not been updated.
#  commands to execute (from `makefile', line 15):
	@echo "ERROR: Please use $(MAKE) CONFIG=... to specify at least one config file."
	@echo "   (if you did, at least one file seems to be missing)"
	

# Not a target:
.DEFAULT:
#  Implicit rule search has not been done.
#  Modification time never checked.
#  File has not been updated.

copy: FORCE | obj- obj-/make.inc
#  Implicit rule search has not been done.
#  Modification time never checked.
#  File has not been updated.
#  commands to execute (from `makefile', line 42):
	$(Q)$(MAKE) --no-print-directory -f scripts/Makefile.main $@
	

# Not a target:
makefile:
#  Implicit rule search has been done.
#  Last modified 2021-05-04 08:31:15
#  File has been updated.
#  Successfully updated.
# variable set hash-table stats:
# Load=0/32=0%, Rehash=0, Collisions=0/0=0%

obj-:
#  Implicit rule search has not been done.
#  Last modified 2022-04-20 21:56:16
#  File has been updated.
#  Successfully updated.
#  commands to execute (from `makefile', line 38):
	$(E) "  MKDIR  $(OBJDIR)"
	-$(Q)mkdir $(OBJDIR 
)
	

FORCE:
#  Implicit rule search has not been done.
#  Modification time never checked.
#  File has not been updated.
#  commands to execute (from `makefile', line 44):
	

# Not a target:
.SUFFIXES:
#  Implicit rule search has not been done.
#  Modification time never checked.
#  File has not been updated.

fuses: FORCE | obj- obj-/make.inc
#  Implicit rule search has not been done.
#  Modification time never checked.
#  File has not been updated.
#  commands to execute (from `makefile', line 42):
	$(Q)$(MAKE) --no-print-directory -f scripts/Makefile.main $@
	

clean: FORCE | obj- obj-/make.inc
#  Implicit rule search has not been done.
#  Modification time never checked.
#  File has not been updated.
#  commands to execute (from `makefile', line 42):
	$(Q)$(MAKE) --no-print-directory -f scripts/Makefile.main $@
	

obj-/make.inc: | obj-
#  Implicit rule search has not been done.
#  Implicit/static pattern stem: `'
#  File does not exist.
#  File has been updated.
#  Needs to be updated (-q is set).
# automatic
# @ := obj-/make.inc
# automatic
# % := 
# automatic
# * := 
# automatic
# + := 
# automatic
# | := obj-
# automatic
# < := 
# automatic
# ^ := 
# automatic
# ? := 
# variable set hash-table stats:
# Load=8/32=25%, Rehash=0, Collisions=3/16=19%
#  commands to execute (from `makefile', line 34):
	$(E) "  CONFIG $(CONFFILES)"
	$(Q)scripts/configparser.pl --genfiles --makeinc $(OBJDIR)/make.inc --header $(OBJDIR)/autoconf.h $(CONFIG)
	

# files hash-table stats:
# Load=13/1024=1%, Rehash=0, Collisions=0/42=0%
# VPATH Search Paths

# No `vpath' search paths.

# No general (`VPATH' variable) search path.

# # of strings in strcache: 1
# # of strcache buffers: 1
# strcache size: total = 4096 / max = 4096 / min = 4096 / avg = 4096
# strcache free: total = 4087 / max = 4087 / min = 4087 / avg = 4087

# Finished Make data base on Thu Apr 21 00:27:45 2022

 
process_begin: CreateProcess(NULL, scripts/configparser.pl --confdata config, ...) failed.

